<?xml version="1.0" encoding="UTF-8"?>
<!-- Generated by org.testng.reporters.JUnitReportReporter -->
<testsuite skipped="0" hostname="DESKTOP-14LIAQ3" name="currentweatherdata.WeatherDataForOneLocationTestSuit" tests="1" failures="0" timestamp="11 лист. 2017 15:27:33 GMT" time="2.285" errors="0">
  <testcase name="test_05" time="2.285" classname="currentweatherdata.WeatherDataForOneLocationTestSuit"/>
</testsuite> <!-- currentweatherdata.WeatherDataForOneLocationTestSuit -->
