<?xml version="1.0" encoding="UTF-8"?>
<!-- Generated by org.testng.reporters.JUnitReportReporter -->
<testsuite skipped="0" hostname="EPUALVIW0912" name="httprestassure.Test3" tests="1" failures="0" timestamp="10 Nov 2017 10:21:28 GMT" time="1.254" errors="0">
  <testcase name="test_05" time="1.254" classname="httprestassure.Test3"/>
</testsuite> <!-- httprestassure.Test3 -->
