<?xml version="1.0" encoding="UTF-8"?>
<!-- Generated by org.testng.reporters.JUnitReportReporter -->
<testsuite skipped="0" hostname="DESKTOP-14LIAQ3" name="currentweatherdata.WeatherDataForOneLocationByCityNameTestSuit" tests="5" failures="3" timestamp="16 лист. 2017 22:17:47 GMT" time="3.969" errors="0">
  <testcase name="checkStatusCodeOfRequestWithInvalidCityName" time="3.307" classname="currentweatherdata.WeatherDataForOneLocationByCityNameTestSuit">
    <failure type="java.lang.AssertionError" message="Actual statusCode doesn`t match with expected expected [404] but found [200]">
      <![CDATA[java.lang.AssertionError: Actual statusCode doesn`t match with expected expected [404] but found [200]
	at org.testng.Assert.fail(Assert.java:93)
	at org.testng.Assert.failNotEquals(Assert.java:512)
	at org.testng.Assert.assertEqualsImpl(Assert.java:134)
	at org.testng.Assert.assertEquals(Assert.java:115)
	at org.testng.Assert.assertEquals(Assert.java:388)
	at currentweatherdata.WeatherDataForOneLocationByCityNameTestSuit.checkStatusCodeOfRequestWithInvalidCityName(WeatherDataForOneLocationByCityNameTestSuit.java:46)
	at sun.reflect.NativeMethodAccessorImpl.invoke0(Native Method)
	at sun.reflect.NativeMethodAccessorImpl.invoke(NativeMethodAccessorImpl.java:62)
	at sun.reflect.DelegatingMethodAccessorImpl.invoke(DelegatingMethodAccessorImpl.java:43)
	at java.lang.reflect.Method.invoke(Method.java:497)
	at org.testng.internal.MethodInvocationHelper.invokeMethod(MethodInvocationHelper.java:108)
	at org.testng.internal.Invoker.invokeMethod(Invoker.java:661)
	at org.testng.internal.Invoker.invokeTestMethod(Invoker.java:869)
	at org.testng.internal.Invoker.invokeTestMethods(Invoker.java:1193)
	at org.testng.internal.TestMethodWorker.invokeTestMethods(TestMethodWorker.java:126)
	at org.testng.internal.TestMethodWorker.run(TestMethodWorker.java:109)
	at java.util.concurrent.ThreadPoolExecutor.runWorker(ThreadPoolExecutor.java:1142)
	at java.util.concurrent.ThreadPoolExecutor$Worker.run(ThreadPoolExecutor.java:617)
	at java.lang.Thread.run(Thread.java:745)
]]>
    </failure>
  </testcase> <!-- checkStatusCodeOfRequestWithInvalidCityName -->
  <testcase name="checkStatusCodeOfRequestWithMissedCityName" time="0.104" classname="currentweatherdata.WeatherDataForOneLocationByCityNameTestSuit">
    <failure type="java.lang.AssertionError" message="Actual statusCode doesn`t match with expected expected [401] but found [200]">
      <![CDATA[java.lang.AssertionError: Actual statusCode doesn`t match with expected expected [401] but found [200]
	at org.testng.Assert.fail(Assert.java:93)
	at org.testng.Assert.failNotEquals(Assert.java:512)
	at org.testng.Assert.assertEqualsImpl(Assert.java:134)
	at org.testng.Assert.assertEquals(Assert.java:115)
	at org.testng.Assert.assertEquals(Assert.java:388)
	at currentweatherdata.WeatherDataForOneLocationByCityNameTestSuit.checkStatusCodeOfRequestWithMissedCityName(WeatherDataForOneLocationByCityNameTestSuit.java:57)
	at sun.reflect.NativeMethodAccessorImpl.invoke0(Native Method)
	at sun.reflect.NativeMethodAccessorImpl.invoke(NativeMethodAccessorImpl.java:62)
	at sun.reflect.DelegatingMethodAccessorImpl.invoke(DelegatingMethodAccessorImpl.java:43)
	at java.lang.reflect.Method.invoke(Method.java:497)
	at org.testng.internal.MethodInvocationHelper.invokeMethod(MethodInvocationHelper.java:108)
	at org.testng.internal.Invoker.invokeMethod(Invoker.java:661)
	at org.testng.internal.Invoker.invokeTestMethod(Invoker.java:869)
	at org.testng.internal.Invoker.invokeTestMethods(Invoker.java:1193)
	at org.testng.internal.TestMethodWorker.invokeTestMethods(TestMethodWorker.java:126)
	at org.testng.internal.TestMethodWorker.run(TestMethodWorker.java:109)
	at java.util.concurrent.ThreadPoolExecutor.runWorker(ThreadPoolExecutor.java:1142)
	at java.util.concurrent.ThreadPoolExecutor$Worker.run(ThreadPoolExecutor.java:617)
	at java.lang.Thread.run(Thread.java:745)
]]>
    </failure>
  </testcase> <!-- checkStatusCodeOfRequestWithMissedCityName -->
  <testcase name="checkWeatherIdWithValidData" time="0.390" classname="currentweatherdata.WeatherDataForOneLocationByCityNameTestSuit"/>
  <testcase name="checkStatusCodeOfRequestWithValidData" time="0.088" classname="currentweatherdata.WeatherDataForOneLocationByCityNameTestSuit"/>
  <testcase name="checkStatusCodeOfRequestWithMissedCityNameAndAppId" time="0.080" classname="currentweatherdata.WeatherDataForOneLocationByCityNameTestSuit">
    <failure type="java.lang.AssertionError" message="Actual statusCode doesn`t match with expected expected [401] but found [200]">
      <![CDATA[java.lang.AssertionError: Actual statusCode doesn`t match with expected expected [401] but found [200]
	at org.testng.Assert.fail(Assert.java:93)
	at org.testng.Assert.failNotEquals(Assert.java:512)
	at org.testng.Assert.assertEqualsImpl(Assert.java:134)
	at org.testng.Assert.assertEquals(Assert.java:115)
	at org.testng.Assert.assertEquals(Assert.java:388)
	at currentweatherdata.WeatherDataForOneLocationByCityNameTestSuit.checkStatusCodeOfRequestWithMissedCityNameAndAppId(WeatherDataForOneLocationByCityNameTestSuit.java:65)
	at sun.reflect.NativeMethodAccessorImpl.invoke0(Native Method)
	at sun.reflect.NativeMethodAccessorImpl.invoke(NativeMethodAccessorImpl.java:62)
	at sun.reflect.DelegatingMethodAccessorImpl.invoke(DelegatingMethodAccessorImpl.java:43)
	at java.lang.reflect.Method.invoke(Method.java:497)
	at org.testng.internal.MethodInvocationHelper.invokeMethod(MethodInvocationHelper.java:108)
	at org.testng.internal.Invoker.invokeMethod(Invoker.java:661)
	at org.testng.internal.Invoker.invokeTestMethod(Invoker.java:869)
	at org.testng.internal.Invoker.invokeTestMethods(Invoker.java:1193)
	at org.testng.internal.TestMethodWorker.invokeTestMethods(TestMethodWorker.java:126)
	at org.testng.internal.TestMethodWorker.run(TestMethodWorker.java:109)
	at java.util.concurrent.ThreadPoolExecutor.runWorker(ThreadPoolExecutor.java:1142)
	at java.util.concurrent.ThreadPoolExecutor$Worker.run(ThreadPoolExecutor.java:617)
	at java.lang.Thread.run(Thread.java:745)
]]>
    </failure>
  </testcase> <!-- checkStatusCodeOfRequestWithMissedCityNameAndAppId -->
</testsuite> <!-- currentweatherdata.WeatherDataForOneLocationByCityNameTestSuit -->
