<?xml version="1.0" encoding="UTF-8"?>
<!-- Generated by org.testng.reporters.JUnitReportReporter -->
<testsuite skipped="0" hostname="EPUALVIW0912" name="currentweatherdata.WeatherDataForOneLocationTestSuit" tests="1" failures="0" timestamp="16 Nov 2017 16:34:46 GMT" time="1.559" errors="0">
  <testcase name="test_05" time="1.559" classname="currentweatherdata.WeatherDataForOneLocationTestSuit"/>
</testsuite> <!-- currentweatherdata.WeatherDataForOneLocationTestSuit -->
